2024-09-12T16:02:43.073Z [info]: Server is running on http://localhost:3000
2024-09-12T16:02:45.309Z [info]: [GET /]
2024-09-12T16:05:06.154Z [info]: Server is running on http://localhost:3000
2024-09-12T16:05:08.504Z [info]: [GET /]
2024-09-12T16:05:49.465Z [info]: Server is running on http://localhost:3000
2024-09-12T16:05:51.223Z [info]: [GET /]
2024-09-12T16:06:24.775Z [info]: Server is running on http://localhost:3000
2024-09-12T16:06:47.600Z [info]: [GET /]
2024-09-12T16:07:47.637Z [info]: [GET /]
2024-09-12T16:11:28.412Z [info]: [GET /]
2024-09-12T16:12:14.653Z [info]: [GET /]
2024-09-12T16:13:02.295Z [info]: [GET /]
2024-09-12T16:13:11.335Z [info]: [GET /]
2024-09-12T16:17:10.613Z [info]: [GET /]
2024-09-12T16:18:15.532Z [info]: [GET /]
2024-09-12T16:18:16.267Z [info]: [GET /]
2024-09-12T16:18:20.302Z [info]: Server is running on http://localhost:3000
2024-09-12T16:18:22.626Z [info]: [GET /]
2024-09-12T16:18:51.277Z [info]: Server is running on http://localhost:3000
2024-09-12T16:18:53.122Z [info]: [GET /]
2024-09-12T16:29:36.668Z [info]: [POST /]
2024-09-12T16:29:36.669Z [info]: Request body: 
2024-09-12T16:53:35.088Z [info]: [POST /]
2024-09-12T16:53:35.089Z [info]: Request body: 
2024-09-12T16:54:26.674Z [info]: [GET /]
2024-09-12T16:54:40.300Z [info]: [POST /]
2024-09-12T16:54:40.301Z [info]: Request body: 
2024-09-12T16:54:43.815Z [info]: [GET /]
2024-09-12T16:59:22.341Z [info]: [POST /]
2024-09-12T16:59:22.341Z [info]: Request body: 
2024-09-12T17:00:41.388Z [info]: [POST /]
2024-09-12T17:00:41.388Z [info]: Request body: 
2024-09-12T17:00:45.867Z [info]: [GET /]
2024-09-12T17:02:44.294Z [info]: Server is running on http://localhost:3000
2024-09-12T17:02:49.285Z [info]: [GET /]
2024-09-12T17:02:54.182Z [info]: [POST /]
2024-09-12T17:03:15.255Z [info]: Server is running on http://localhost:3000
2024-09-12T17:03:17.182Z [info]: [POST /]
2024-09-12T17:03:17.183Z [info]: Request body: 
2024-09-12T17:03:20.632Z [info]: [GET /]
2024-09-12T17:04:02.759Z [info]: [GET /]
2024-09-12T17:04:05.891Z [info]: [POST /]
2024-09-12T17:04:05.891Z [info]: Request body: 
2024-09-12T17:04:08.651Z [info]: [GET /]
2024-09-12T17:04:47.336Z [info]: [GET /]
2024-09-12T17:04:51.564Z [info]: [POST /]
2024-09-12T17:04:51.564Z [info]: Request body: 
2024-09-12T17:04:52.564Z [info]: [POST /]
2024-09-12T17:04:52.564Z [info]: Request body: 
2024-09-12T17:04:55.659Z [info]: [GET /]
2024-09-12T17:05:46.484Z [info]: [GET /]
2024-09-12T17:05:49.697Z [info]: [POST /]
2024-09-12T17:05:49.698Z [info]: Request body: 
2024-09-12T17:07:27.880Z [info]: [POST /]
2024-09-12T17:07:27.880Z [info]: Request body: 
2024-09-12T17:07:32.575Z [info]: [GET /]
2024-09-12T17:10:21.120Z [info]: Server is running on http://localhost:3000
2024-09-12T17:10:24.279Z [info]: [GET /]
2024-09-12T17:22:46.258Z [info]: Server is running on http://localhost:3000
2024-09-12T17:22:50.480Z [info]: [GET /]
2024-09-12T17:22:54.513Z [info]: [POST /]
2024-09-12T17:23:42.150Z [info]: Server is running on http://localhost:3000
2024-09-12T17:23:44.419Z [info]: [POST /]
2024-09-12T17:23:44.420Z [info]: Request body: 
2024-09-12T17:23:48.789Z [info]: [GET /]
2024-09-12T17:24:55.997Z [info]: [GET /]
2024-09-12T17:24:59.240Z [info]: [POST /]
2024-09-12T17:24:59.241Z [info]: Request body: 
2024-09-12T17:25:03.822Z [info]: [GET /]
2024-09-12T17:39:06.352Z [info]: Server is running on http://localhost:3000
2024-09-12T17:39:11.068Z [info]: [GET /]
2024-09-12T17:39:15.368Z [info]: [POST /]
2024-09-12T17:40:19.797Z [info]: Server is running on http://localhost:3000
2024-09-12T17:40:21.394Z [info]: [POST /]
2024-09-12T17:40:38.699Z [info]: Server is running on http://localhost:3000
2024-09-12T17:40:40.656Z [info]: [POST /]
2024-09-12T17:41:14.049Z [info]: Server is running on http://localhost:3000
2024-09-12T17:41:16.503Z [info]: [POST /]
2024-09-12T17:41:57.405Z [info]: Server is running on http://localhost:3000
2024-09-12T17:41:59.668Z [info]: [POST /]
2024-09-12T17:43:53.689Z [info]: Server is running on http://localhost:3000
2024-09-12T17:43:57.166Z [info]: [GET /]
2024-09-12T17:44:01.454Z [info]: [POST /]
2024-09-12T17:44:33.230Z [info]: Server is running on http://localhost:3000
2024-09-12T17:44:35.089Z [info]: [POST /]
2024-09-12T17:50:42.870Z [info]: Server is running on http://localhost:3000
2024-09-12T17:50:46.507Z [info]: [POST /]
2024-09-12T17:51:50.271Z [info]: Server is running on http://localhost:3000
2024-09-12T17:51:52.114Z [info]: [POST /]
2024-09-12T17:56:32.381Z [info]: [GET /]
2024-09-12T17:56:42.156Z [info]: [POST /]
2024-09-12T17:58:15.428Z [info]: [POST /]
2024-09-12T17:58:45.214Z [info]: [POST /]
2024-09-12T18:01:29.905Z [info]: [POST /]
2024-09-12T18:03:26.172Z [info]: [POST /]
2024-09-12T18:05:19.192Z [info]: [POST /]
2024-09-12T18:10:18.173Z [info]: [POST /]
2024-09-12T18:11:36.434Z [info]: [GET /]
2024-09-12T18:13:13.166Z [info]: [POST /]
2024-09-12T18:17:17.519Z [info]: [GET /]
2024-09-12T18:18:55.806Z [info]: [POST /]
2024-09-12T18:23:55.920Z [info]: [GET /]
2024-09-12T18:27:59.395Z [info]: [POST /]
2024-09-12T18:33:52.110Z [info]: [POST /]
2024-09-12T18:56:06.985Z [info]: [POST /]
2024-09-12T19:03:39.673Z [info]: [POST /]
2024-09-12T19:03:44.768Z [info]: [GET /]
2024-09-12T19:04:00.438Z [info]: [POST /]
2024-09-12T19:05:21.863Z [info]: [POST /]
2024-09-12T19:05:37.925Z [info]: [POST /]
2024-09-12T19:07:40.512Z [info]: [POST /]
2024-09-12T19:09:19.885Z [info]: [POST /]
2024-09-12T19:11:29.930Z [info]: [POST /]
2024-09-12T19:18:22.565Z [info]: [POST /]
2024-09-12T19:28:13.358Z [info]: Server is running on http://localhost:3000
2024-09-12T19:28:23.491Z [info]: [GET /]
2024-09-12T19:28:38.237Z [info]: [POST /]
2024-09-12T19:28:38.238Z [info]: Request body: {
            "ItemNumber": 1,
            "itemName": "Apples",
            "Quantity": 5,
            "Price": 1.99,
            "Purchased": false
    }
